============================= test session starts ==============================
platform linux -- Python 3.10.4, pytest-7.1.2, pluggy-1.0.0
rootdir: /home/lucas/proj_final
collected 23 items

tests/test_IVFADC.py .....                                               [ 21%]
tests/test_KeepLargestHeap.py .                                          [ 26%]
tests/test_ReaderFactory.py ...                                          [ 39%]
tests/test_kmeans.py ........                                            [ 73%]
tests/test_productQuantizer.py ......                                    [100%]

============================== 23 passed in 0.53s ==============================
